Determining if the pthread_create exist failed with the following output:
Change Dir: /home/dongshin/mywork/extrinsic_calibrator/build/CMakeFiles/CMakeTmp

Run Build Command:"/usr/bin/make" "cmTC_6199f/fast"
/usr/bin/make -f CMakeFiles/cmTC_6199f.dir/build.make CMakeFiles/cmTC_6199f.dir/build
make[1]: Entering directory '/home/dongshin/mywork/extrinsic_calibrator/build/CMakeFiles/CMakeTmp'
Building C object CMakeFiles/cmTC_6199f.dir/CheckSymbolExists.c.o
/usr/bin/gcc-7    -o CMakeFiles/cmTC_6199f.dir/CheckSymbolExists.c.o   -c /home/dongshin/mywork/extrinsic_calibrator/build/CMakeFiles/CMakeTmp/CheckSymbolExists.c
Linking C executable cmTC_6199f
/usr/bin/cmake -E cmake_link_script CMakeFiles/cmTC_6199f.dir/link.txt --verbose=1
/usr/bin/gcc-7      -rdynamic CMakeFiles/cmTC_6199f.dir/CheckSymbolExists.c.o  -o cmTC_6199f 
CMakeFiles/cmTC_6199f.dir/CheckSymbolExists.c.o: In function `main':
CheckSymbolExists.c:(.text+0x1b): undefined reference to `pthread_create'
collect2: error: ld returned 1 exit status
CMakeFiles/cmTC_6199f.dir/build.make:97: recipe for target 'cmTC_6199f' failed
make[1]: *** [cmTC_6199f] Error 1
make[1]: Leaving directory '/home/dongshin/mywork/extrinsic_calibrator/build/CMakeFiles/CMakeTmp'
Makefile:126: recipe for target 'cmTC_6199f/fast' failed
make: *** [cmTC_6199f/fast] Error 2

File /home/dongshin/mywork/extrinsic_calibrator/build/CMakeFiles/CMakeTmp/CheckSymbolExists.c:
/* */
#include <pthread.h>

int main(int argc, char** argv)
{
  (void)argv;
#ifndef pthread_create
  return ((int*)(&pthread_create))[argc];
#else
  (void)argc;
  return 0;
#endif
}

Determining if the function pthread_create exists in the pthreads failed with the following output:
Change Dir: /home/dongshin/mywork/extrinsic_calibrator/build/CMakeFiles/CMakeTmp

Run Build Command:"/usr/bin/make" "cmTC_9e1bf/fast"
/usr/bin/make -f CMakeFiles/cmTC_9e1bf.dir/build.make CMakeFiles/cmTC_9e1bf.dir/build
make[1]: Entering directory '/home/dongshin/mywork/extrinsic_calibrator/build/CMakeFiles/CMakeTmp'
Building C object CMakeFiles/cmTC_9e1bf.dir/CheckFunctionExists.c.o
/usr/bin/gcc-7   -DCHECK_FUNCTION_EXISTS=pthread_create   -o CMakeFiles/cmTC_9e1bf.dir/CheckFunctionExists.c.o   -c /usr/share/cmake-3.10/Modules/CheckFunctionExists.c
Linking C executable cmTC_9e1bf
/usr/bin/cmake -E cmake_link_script CMakeFiles/cmTC_9e1bf.dir/link.txt --verbose=1
/usr/bin/gcc-7  -DCHECK_FUNCTION_EXISTS=pthread_create    -rdynamic CMakeFiles/cmTC_9e1bf.dir/CheckFunctionExists.c.o  -o cmTC_9e1bf -lpthreads 
/usr/bin/x86_64-linux-gnu-ld: cannot find -lpthreads
collect2: error: ld returned 1 exit status
CMakeFiles/cmTC_9e1bf.dir/build.make:97: recipe for target 'cmTC_9e1bf' failed
make[1]: *** [cmTC_9e1bf] Error 1
make[1]: Leaving directory '/home/dongshin/mywork/extrinsic_calibrator/build/CMakeFiles/CMakeTmp'
Makefile:126: recipe for target 'cmTC_9e1bf/fast' failed
make: *** [cmTC_9e1bf/fast] Error 2


